9
9
19
9
19
3732423
3064033
1723519
1126015
3732423
1723519
3732423
3542887
1564063
1723519
2298025
3542887
2298025
3732423
230631
2298025
1564063
3732423
1723519
410011
3732423
1564063
1564063
1723519
3064033
3064033
3064033
3542887
3732423
511935
1564063
2298025
3732423
3732423
2298025
1126015
3064033
3064033
2298025
3732423
1126015
3732423
1501353
230631
106239
626331
2298025
1564063
2298025
1126015
1723519
1126015
3732423
3732423
1723519
626331
2298025
2298025
1501353
3732423
3064033
3732423
156159
3732423
3732423
3732423
2298025
3732423
230631
3732423
230631
3064033
3732423
3732423
1723519
3064033
1723519
626331
3732423
3064033
230631
35655
2298025
1723519
3732423
1501353
1723519
2298025
1501353
1723519
3732423
3542887
3732423
2298025

