626331
1723519
3064033
3732423
1723519
3064033
1126015
1126015
2298025
1126015
3542887
3732423
1564063
3732423
837799
3732423
1723519
2298025
3542887
3732423
2298025
216367
3064033
1126015
837799
3064033
230631
3732423
1723519
2298025
2298025
3064033
1723519
1564063
230631
3732423
3064033
1723519
511935
837799
3542887
837799
837799
3732423
3732423
3064033
3732423
2298025
3732423
2298025
837799
156159
1126015
2298025
3732423
3732423
3732423
2298025
2298025
3732423
837799
2298025
3064033
3732423
2298025
1723519
230631
3732423
3732423
3542887
1723519
3732423
2298025
2298025
1723519
3732423
2298025
3732423
837799
3064033
3732423
1723519
3064033
3732423
837799
3064033
1723519
3732423
837799
3732423
511935
837799
1723519
626331
1564063
