3064033
1723519
511935
230631
3542887
3064033
3542887
1723519
3064033
1501353
3732423
3732423
3064033
3732423
626331
410011
2298025
3064033
2298025
3732423
3064033
3732423
1126015
626331
2298025
3732423
2298025
1723519
156159
2463
2298025
230631
3064033
3732423
3732423
2298025
1126015
1723519
156159
1126015
837799
1723519
837799
2298025
1126015
1564063
1723519
3064033
2298025
2298025
3732423
2298025
3732423
1723519
77031
1723519
3732423
3732423
3732423
3542887
2298025
1501353
3732423
3732423
1501353
1564063
6171
52527
3732423
3064033
2298025
2298025
1723519
34239
3732423
3732423
