3
9
3
97
837799
6171
1126015
327
1161
1161
1161
327
1161
703
1723519
2298025
106239
2298025
667
1
1161
871
313
1161
1161
327
1161
871
327
871
1161
327
327
1161
703
27
3732423
410011
3064033
1126015
3732423
3711
230631
230631
156159
230631
230631
230631
106239
230631
230631
230631
230631
410011
230631
230631
230631
35655
230631
6171
156159
23529
106239
230631
410011
156159
410011
230631
52527
1723519
1723519
3732423
230631
626331
1723519
3732423
1723519
156159
410011
156159
230631
35655
230631
156159
230631
52527
410011
230631
52527
13255
230631
26623
230631
3732423
3732423
3732423
2298025
2298025
230631
1723519
